#
# There is insufficient memory for the Java Runtime Environment to continue.
# Native memory allocation (mmap) failed to map 65536 bytes. Error detail: Failed to commit metaspace.
# Possible reasons:
#   The system is out of physical RAM or swap space
#   This process is running with CompressedOops enabled, and the Java Heap may be blocking the growth of the native heap
# Possible solutions:
#   Reduce memory load on the system
#   Increase physical memory or swap space
#   Check if swap backing store is full
#   Decrease Java heap size (-Xmx/-Xms)
#   Decrease number of Java threads
#   Decrease Java thread stack sizes (-Xss)
#   Set larger code cache with -XX:ReservedCodeCacheSize=
#   JVM is running with Unscaled Compressed Oops mode in which the Java heap is
#     placed in the first 4GB address space. The Java Heap base address is the
#     maximum limit for the native heap growth. Please use -XX:HeapBaseMinAddress
#     to set the Java Heap base and to place the Java Heap above 4GB virtual address.
# This output file may be truncated or incomplete.
#
#  Out of Memory Error (virtualSpaceNode.cpp:113), pid=17688, tid=15196
#
# JRE version: OpenJDK Runtime Environment Temurin-21.0.7+6 (21.0.7+6) (build 21.0.7+6-LTS)
# Java VM: OpenJDK 64-Bit Server VM Temurin-21.0.7+6 (21.0.7+6-LTS, mixed mode, sharing, tiered, compressed oops, compressed class ptrs, parallel gc, windows-amd64)
# No core dump will be written. Minidumps are not enabled by default on client versions of Windows
#

---------------  S U M M A R Y ------------

Command Line: --add-modules=ALL-SYSTEM --add-opens=java.base/java.util=ALL-UNNAMED --add-opens=java.base/java.lang=ALL-UNNAMED --add-opens=java.base/sun.nio.fs=ALL-UNNAMED -Declipse.application=org.eclipse.jdt.ls.core.id1 -Dosgi.bundles.defaultStartLevel=4 -Declipse.product=org.eclipse.jdt.ls.core.product -Djava.import.generatesMetadataFilesAtProjectRoot=false -DDetectVMInstallationsJob.disabled=true -Dfile.encoding=utf8 -XX:+UseParallelGC -XX:GCTimeRatio=4 -XX:AdaptiveSizePolicyWeight=90 -Dsun.zip.disableMemoryMapping=true -Xmx2G -Xms100m -Xlog:disable -javaagent:c:\Users\Iserre\.vscode\extensions\redhat.java-1.43.0-win32-x64\lombok\lombok-1.18.39-4050.jar -XX:+HeapDumpOnOutOfMemoryError -XX:HeapDumpPath=c:\Users\Iserre\AppData\Roaming\Code\User\workspaceStorage\7d52029ad49e38d5e47115fa7a05a777\redhat.java -Daether.dependencyCollector.impl=bf c:\Users\Iserre\.vscode\extensions\redhat.java-1.43.0-win32-x64\server\plugins\org.eclipse.equinox.launcher_1.7.0.v20250519-0528.jar -configuration c:\Users\Iserre\AppData\Roaming\Code\User\globalStorage\redhat.java\1.43.0\config_win -data c:\Users\Iserre\AppData\Roaming\Code\User\workspaceStorage\7d52029ad49e38d5e47115fa7a05a777\redhat.java\jdt_ws --pipe=\\.\pipe\lsp-09b96f51c72894bdeaf5e7780f208c2a-sock

Host: AMD Ryzen 5 4600G with Radeon Graphics, 12 cores, 15G,  Windows 11 , 64 bit Build 22621 (10.0.22621.5415)
Time: Fri Jun 27 15:38:07 2025 Hora estándar de Argentina elapsed time: 0.140245 seconds (0d 0h 0m 0s)

---------------  T H R E A D  ---------------

Current thread (0x000001e35d1348e0):  JavaThread "C1 CompilerThread0" daemon [_thread_in_vm, id=15196, stack(0x000000d4f8c00000,0x000000d4f8d00000) (1024K)]


Current CompileTask:
C1:140  217       3       java.util.zip.ZipCoder$UTF8ZipCoder::checkedHash (79 bytes)

Stack: [0x000000d4f8c00000,0x000000d4f8d00000]
Native frames: (J=compiled Java code, j=interpreted, Vv=VM code, C=native code)
V  [jvm.dll+0x6ce119]